<?xml version="1.0" encoding="UTF-8"?>
<testsuites>
  <testsuite name="Admin Test Suite" tests="4" assertions="11" failures="0" errors="0" time="3.759658">
    <testsuite name="Ecommerce\Entity\MarcaTest" file="/home/maico/Documentos/aula php/ecommerce/module/Ecommerce/tests/src/Ecommerce/Entity/MarcaTest.php" tests="4" assertions="11" failures="0" errors="0" time="3.759658">
      <testcase name="testInsert" class="Ecommerce\Entity\MarcaTest" file="/home/maico/Documentos/aula php/ecommerce/module/Ecommerce/tests/src/Ecommerce/Entity/MarcaTest.php" line="13" assertions="4" time="1.674375"/>
      <testcase name="testInsertInvalid" class="Ecommerce\Entity\MarcaTest" file="/home/maico/Documentos/aula php/ecommerce/module/Ecommerce/tests/src/Ecommerce/Entity/MarcaTest.php" line="32" assertions="1" time="0.701020"/>
      <testcase name="testUpdate" class="Ecommerce\Entity\MarcaTest" file="/home/maico/Documentos/aula php/ecommerce/module/Ecommerce/tests/src/Ecommerce/Entity/MarcaTest.php" line="43" assertions="5" time="0.659619"/>
      <testcase name="testDelete" class="Ecommerce\Entity\MarcaTest" file="/home/maico/Documentos/aula php/ecommerce/module/Ecommerce/tests/src/Ecommerce/Entity/MarcaTest.php" line="62" assertions="1" time="0.724644"/>
    </testsuite>
  </testsuite>
</testsuites>
